{"level":"info","message":"Server is running on port 3000","service":"identified-service","timestamp":"2025-03-25T07:35:35.747Z"}
{"level":"info","message":"Connected to MongoDB","service":"identified-service","timestamp":"2025-03-25T07:35:35.774Z"}
{"level":"info","message":"POST /api/identified/register","service":"identified-service","timestamp":"2025-03-25T07:35:53.157Z"}
{"level":"info","message":"Request Body: {\"username\":\"john_doe\",\"password\":\"SecurePass123\",\"email\":\"john.doe@example.com\",\"role\":\"user\"}","service":"identified-service","timestamp":"2025-03-25T07:35:53.159Z"}
{"0":"r","1":"e","10":"l","11":"i","12":"d","13":"a","14":"t","15":"e","16":" ","17":"i","18":"s","19":" ","2":"g","20":"n","21":"o","22":"t","23":" ","24":"a","25":" ","26":"f","27":"u","28":"n","29":"c","3":"i","30":"t","31":"i","32":"o","33":"n","4":"s","5":"t","6":"e","7":"r","8":"V","9":"a","level":"error","message":"Error in user registration","service":"identified-service","timestamp":"2025-03-25T07:35:57.156Z"}
{"level":"info","message":"Server is running on port 3000","service":"identified-service","timestamp":"2025-03-25T07:37:26.867Z"}
{"level":"info","message":"Connected to MongoDB","service":"identified-service","timestamp":"2025-03-25T07:37:26.904Z"}
{"level":"info","message":"POST /api/identified/register","service":"identified-service","timestamp":"2025-03-25T07:37:29.016Z"}
{"level":"info","message":"Request Body: {\"username\":\"john_doe\",\"password\":\"SecurePass123\",\"email\":\"john.doe@example.com\",\"role\":\"user\"}","service":"identified-service","timestamp":"2025-03-25T07:37:29.018Z"}
{"0":"r","1":"e","10":"l","11":"i","12":"d","13":"a","14":"t","15":"e","16":" ","17":"i","18":"s","19":" ","2":"g","20":"n","21":"o","22":"t","23":" ","24":"a","25":" ","26":"f","27":"u","28":"n","29":"c","3":"i","30":"t","31":"i","32":"o","33":"n","4":"s","5":"t","6":"e","7":"r","8":"V","9":"a","level":"error","message":"Error in user registration","service":"identified-service","timestamp":"2025-03-25T07:37:32.246Z"}
{"level":"info","message":"Server is running on port 3000","service":"identified-service","timestamp":"2025-03-25T07:39:13.021Z"}
{"level":"info","message":"Connected to MongoDB","service":"identified-service","timestamp":"2025-03-25T07:39:13.056Z"}
{"level":"info","message":"POST /api/identified/register","service":"identified-service","timestamp":"2025-03-25T07:39:16.888Z"}
{"level":"info","message":"Request Body: {\"username\":\"john_doe\",\"password\":\"SecurePass123\",\"email\":\"john.doe@example.com\",\"role\":\"user\"}","service":"identified-service","timestamp":"2025-03-25T07:39:16.890Z"}
{"0":"\"","1":"n","10":"r","11":"e","12":"q","13":"u","14":"i","15":"r","16":"e","17":"d","2":"a","3":"m","4":"e","5":"\"","6":" ","7":"i","8":"s","9":" ","level":"warn","message":"validation error","service":"identified-service","timestamp":"2025-03-25T07:39:22.831Z"}
{"level":"info","message":"Server is running on port 3000","service":"identified-service","timestamp":"2025-03-25T07:40:05.632Z"}
{"level":"info","message":"Connected to MongoDB","service":"identified-service","timestamp":"2025-03-25T07:40:05.674Z"}
{"level":"info","message":"POST /api/identified/register","service":"identified-service","timestamp":"2025-03-25T07:40:07.715Z"}
{"level":"info","message":"Request Body: {\"username\":\"john_doe\",\"password\":\"SecurePass123\",\"email\":\"john.doe@example.com\",\"role\":\"user\"}","service":"identified-service","timestamp":"2025-03-25T07:40:07.716Z"}
{"0":"\"","1":"r","10":"n","11":"o","12":"t","13":" ","14":"a","15":"l","16":"l","17":"o","18":"w","19":"e","2":"o","20":"d","3":"l","4":"e","5":"\"","6":" ","7":"i","8":"s","9":" ","level":"warn","message":"validation error","service":"identified-service","timestamp":"2025-03-25T07:40:13.877Z"}
{"level":"info","message":"POST /api/identified/register","service":"identified-service","timestamp":"2025-03-25T07:40:33.294Z"}
{"level":"info","message":"Request Body: {\"username\":\"john_doe\",\"password\":\"SecurePass123\",\"email\":\"john.doe@example.com\"}","service":"identified-service","timestamp":"2025-03-25T07:40:33.295Z"}
{"0":"U","1":"s","10":"a","11":"t","12":"i","13":"o","14":"n","15":" ","16":"f","17":"a","18":"i","19":"l","2":"e","20":"e","21":"d","22":":","23":" ","24":"u","25":"s","26":"e","27":"r","28":"n","29":"a","3":"r","30":"m","31":"e","32":":","33":" ","34":"P","35":"a","36":"t","37":"h","38":" ","39":"`","4":" ","40":"u","41":"s","42":"e","43":"r","44":"n","45":"a","46":"m","47":"e","48":"`","49":" ","5":"v","50":"i","51":"s","52":" ","53":"r","54":"e","55":"q","56":"u","57":"i","58":"r","59":"e","6":"a","60":"d","61":".","7":"l","8":"i","9":"d","level":"error","message":"Error in user registration","service":"identified-service","timestamp":"2025-03-25T07:40:38.921Z"}
{"level":"info","message":"POST /api/identified/register","service":"identified-service","timestamp":"2025-03-25T07:40:54.185Z"}
{"level":"info","message":"Request Body: {\"username\":\"john_doe\",\"password\":\"SecurePass123\",\"email\":\"john.doe@example.com\"}","service":"identified-service","timestamp":"2025-03-25T07:40:54.186Z"}
{"0":"U","1":"s","10":"a","11":"t","12":"i","13":"o","14":"n","15":" ","16":"f","17":"a","18":"i","19":"l","2":"e","20":"e","21":"d","22":":","23":" ","24":"u","25":"s","26":"e","27":"r","28":"n","29":"a","3":"r","30":"m","31":"e","32":":","33":" ","34":"P","35":"a","36":"t","37":"h","38":" ","39":"`","4":" ","40":"u","41":"s","42":"e","43":"r","44":"n","45":"a","46":"m","47":"e","48":"`","49":" ","5":"v","50":"i","51":"s","52":" ","53":"r","54":"e","55":"q","56":"u","57":"i","58":"r","59":"e","6":"a","60":"d","61":".","7":"l","8":"i","9":"d","level":"error","message":"Error in user registration","service":"identified-service","timestamp":"2025-03-25T07:40:57.984Z"}
{"level":"info","message":"POST /api/identified/register","service":"identified-service","timestamp":"2025-03-25T07:41:51.193Z"}
{"level":"info","message":"Request Body: {\"username\":\"john_doe\",\"password\":\"SecurePass123\",\"email\":\"john.doe@example.com\"}","service":"identified-service","timestamp":"2025-03-25T07:41:51.194Z"}
{"0":"U","1":"s","10":"a","11":"t","12":"i","13":"o","14":"n","15":" ","16":"f","17":"a","18":"i","19":"l","2":"e","20":"e","21":"d","22":":","23":" ","24":"u","25":"s","26":"e","27":"r","28":"n","29":"a","3":"r","30":"m","31":"e","32":":","33":" ","34":"P","35":"a","36":"t","37":"h","38":" ","39":"`","4":" ","40":"u","41":"s","42":"e","43":"r","44":"n","45":"a","46":"m","47":"e","48":"`","49":" ","5":"v","50":"i","51":"s","52":" ","53":"r","54":"e","55":"q","56":"u","57":"i","58":"r","59":"e","6":"a","60":"d","61":".","7":"l","8":"i","9":"d","level":"error","message":"Error in user registration","service":"identified-service","timestamp":"2025-03-25T07:42:30.056Z"}
{"level":"info","message":"Server is running on port 3000","service":"identified-service","timestamp":"2025-03-25T07:42:57.239Z"}
{"level":"info","message":"Connected to MongoDB","service":"identified-service","timestamp":"2025-03-25T07:42:57.273Z"}
{"level":"info","message":"POST /api/identified/register","service":"identified-service","timestamp":"2025-03-25T07:42:59.420Z"}
{"level":"info","message":"Request Body: {\"username\":\"john_doe\",\"password\":\"SecurePass123\",\"email\":\"john.doe@example.com\"}","service":"identified-service","timestamp":"2025-03-25T07:42:59.421Z"}
{"level":"info","message":"User registered successfully","service":"identified-service","timestamp":"2025-03-25T07:43:04.770Z"}
{"0":"s","1":"e","10":"i","11":"v","12":"a","13":"t","14":"e","15":"K","16":"e","17":"y","18":" ","19":"m","2":"c","20":"u","21":"s","22":"t","23":" ","24":"h","25":"a","26":"v","27":"e","28":" ","29":"a","3":"r","30":" ","31":"v","32":"a","33":"l","34":"u","35":"e","4":"e","5":"t","6":"O","7":"r","8":"P","9":"r","level":"error","message":"Error in user registration","service":"identified-service","timestamp":"2025-03-25T07:43:04.772Z"}
{"level":"info","message":"Server is running on port 3000","service":"identified-service","timestamp":"2025-03-25T07:45:05.637Z"}
{"level":"info","message":"Connected to MongoDB","service":"identified-service","timestamp":"2025-03-25T07:45:05.662Z"}
{"level":"info","message":"POST /api/identified/register","service":"identified-service","timestamp":"2025-03-25T07:45:08.433Z"}
{"level":"info","message":"Request Body: {\"username\":\"john_doe\",\"password\":\"SecurePass123\",\"email\":\"john.doe@example.com\"}","service":"identified-service","timestamp":"2025-03-25T07:45:08.434Z"}
{"0":"C","1":"a","10":"d","11":" ","12":"p","13":"r","14":"o","15":"p","16":"e","17":"r","18":"t","19":"i","2":"n","20":"e","21":"s","22":" ","23":"o","24":"f","25":" ","26":"u","27":"n","28":"d","29":"e","3":"n","30":"f","31":"i","32":"n","33":"e","34":"d","35":" ","36":"(","37":"r","38":"e","39":"a","4":"o","40":"d","41":"i","42":"n","43":"g","44":" ","45":"'","46":"d","47":"e","48":"t","49":"a","5":"t","50":"i","51":"l","52":"s","53":"'","54":")","6":" ","7":"r","8":"e","9":"a","level":"error","message":"Error in user registration","service":"identified-service","timestamp":"2025-03-25T07:45:12.255Z"}
{"level":"info","message":"POST /api/identified/register","service":"identified-service","timestamp":"2025-03-25T07:45:33.400Z"}
{"level":"info","message":"Request Body: {\"username\":\"johndoe\",\"password\":\"SecurePass123\",\"email\":\"johndoe@example.com\"}","service":"identified-service","timestamp":"2025-03-25T07:45:33.401Z"}
{"level":"info","message":"User registered successfully","service":"identified-service","timestamp":"2025-03-25T07:45:38.944Z"}
{"0":"s","1":"e","10":"i","11":"v","12":"a","13":"t","14":"e","15":"K","16":"e","17":"y","18":" ","19":"m","2":"c","20":"u","21":"s","22":"t","23":" ","24":"h","25":"a","26":"v","27":"e","28":" ","29":"a","3":"r","30":" ","31":"v","32":"a","33":"l","34":"u","35":"e","4":"e","5":"t","6":"O","7":"r","8":"P","9":"r","level":"error","message":"Error in user registration","service":"identified-service","timestamp":"2025-03-25T07:45:39.953Z"}
{"level":"info","message":"Server is running on port 3000","service":"identified-service","timestamp":"2025-03-25T07:46:48.051Z"}
{"level":"info","message":"Connected to MongoDB","service":"identified-service","timestamp":"2025-03-25T07:46:48.077Z"}
{"level":"info","message":"POST /api/identified/register","service":"identified-service","timestamp":"2025-03-25T07:46:57.172Z"}
{"level":"info","message":"Request Body: {\"username\":\"johndoe1\",\"password\":\"SecurePass123\",\"email\":\"johndoe1@example.com\"}","service":"identified-service","timestamp":"2025-03-25T07:46:57.174Z"}
{"level":"info","message":"User registered successfully","service":"identified-service","timestamp":"2025-03-25T07:47:02.441Z"}
{"0":"s","1":"e","10":"i","11":"v","12":"a","13":"t","14":"e","15":"K","16":"e","17":"y","18":" ","19":"m","2":"c","20":"u","21":"s","22":"t","23":" ","24":"h","25":"a","26":"v","27":"e","28":" ","29":"a","3":"r","30":" ","31":"v","32":"a","33":"l","34":"u","35":"e","4":"e","5":"t","6":"O","7":"r","8":"P","9":"r","level":"error","message":"Error in user registration","service":"identified-service","timestamp":"2025-03-25T07:47:03.417Z"}
{"level":"info","message":"Server is running on port 3000","service":"identified-service","timestamp":"2025-03-25T07:48:17.499Z"}
{"level":"info","message":"Connected to MongoDB","service":"identified-service","timestamp":"2025-03-25T07:48:17.526Z"}
{"level":"info","message":"Server is running on port 3000","service":"identified-service","timestamp":"2025-03-25T07:48:40.823Z"}
{"level":"info","message":"Connected to MongoDB","service":"identified-service","timestamp":"2025-03-25T07:48:40.850Z"}
{"level":"info","message":"POST /api/identified/register","service":"identified-service","timestamp":"2025-03-25T07:48:42.921Z"}
{"level":"info","message":"Request Body: {\"username\":\"johndoe1\",\"password\":\"SecurePass123\",\"email\":\"johndoe1@example.com\"}","service":"identified-service","timestamp":"2025-03-25T07:48:42.922Z"}
{"0":"C","1":"a","10":"d","11":" ","12":"p","13":"r","14":"o","15":"p","16":"e","17":"r","18":"t","19":"i","2":"n","20":"e","21":"s","22":" ","23":"o","24":"f","25":" ","26":"u","27":"n","28":"d","29":"e","3":"n","30":"f","31":"i","32":"n","33":"e","34":"d","35":" ","36":"(","37":"r","38":"e","39":"a","4":"o","40":"d","41":"i","42":"n","43":"g","44":" ","45":"'","46":"d","47":"e","48":"t","49":"a","5":"t","50":"i","51":"l","52":"s","53":"'","54":")","6":" ","7":"r","8":"e","9":"a","level":"error","message":"Error in user registration","service":"identified-service","timestamp":"2025-03-25T07:48:49.016Z"}
{"level":"info","message":"POST /api/identified/register","service":"identified-service","timestamp":"2025-03-25T07:49:00.960Z"}
{"level":"info","message":"Request Body: {\"username\":\"johndoe2\",\"password\":\"SecurePass123\",\"email\":\"johndoe2@example.com\"}","service":"identified-service","timestamp":"2025-03-25T07:49:00.961Z"}
{"level":"info","message":"User registered successfully","service":"identified-service","timestamp":"2025-03-25T07:49:06.041Z"}
{"0":"R","1":"e","10":"e","11":"n","12":" ","13":"v","14":"a","15":"l","16":"i","17":"d","18":"a","19":"t","2":"f","20":"i","21":"o","22":"n","23":" ","24":"f","25":"a","26":"i","27":"l","28":"e","29":"d","3":"r","30":":","31":" ","32":"c","33":"r","34":"e","35":"a","36":"t","37":"e","38":"d","39":"B","4":"e","40":"y","41":"I","42":"p","43":":","44":" ","45":"P","46":"a","47":"t","48":"h","49":" ","5":"s","50":"`","51":"c","52":"r","53":"e","54":"a","55":"t","56":"e","57":"d","58":"B","59":"y","6":"h","60":"I","61":"p","62":"`","63":" ","64":"i","65":"s","66":" ","67":"r","68":"e","69":"q","7":"T","70":"u","71":"i","72":"r","73":"e","74":"d","75":".","8":"o","9":"k","level":"error","message":"Error in user registration","service":"identified-service","timestamp":"2025-03-25T07:49:09.052Z"}
{"level":"info","message":"Server is running on port 3000","service":"identified-service","timestamp":"2025-03-25T07:50:30.081Z"}
{"level":"info","message":"Connected to MongoDB","service":"identified-service","timestamp":"2025-03-25T07:50:30.123Z"}
{"level":"info","message":"POST /api/identified/register","service":"identified-service","timestamp":"2025-03-25T07:50:38.787Z"}
{"level":"info","message":"Request Body: {\"username\":\"johndoe3\",\"password\":\"SecurePass123\",\"email\":\"johndoe3@example.com\"}","service":"identified-service","timestamp":"2025-03-25T07:50:38.789Z"}
{"level":"info","message":"User registered successfully","service":"identified-service","timestamp":"2025-03-25T07:50:38.924Z"}
{"level":"info","message":"POST /api/identified/register","service":"identified-service","timestamp":"2025-03-25T07:51:32.667Z"}
{"level":"info","message":"Request Body: {\"username\":\"johndoe4\",\"password\":\"SecurePass123\",\"email\":\"johndoe4@example.com\"}","service":"identified-service","timestamp":"2025-03-25T07:51:32.669Z"}
{"level":"info","message":"User registered successfully","service":"identified-service","timestamp":"2025-03-25T07:51:32.780Z"}
{"level":"info","message":"POST /api/identified/register","service":"identified-service","timestamp":"2025-03-25T07:52:54.998Z"}
{"level":"info","message":"Request Body: {\"username\":\"johndoe5\",\"password\":\"SecurePass123\",\"email\":\"johndoe5@example.com\"}","service":"identified-service","timestamp":"2025-03-25T07:52:55.000Z"}
{"level":"info","message":"User registered successfully","service":"identified-service","timestamp":"2025-03-25T07:52:55.114Z"}
{"level":"info","message":"Server is running on port 3000","service":"identified-service","timestamp":"2025-03-25T07:53:44.918Z"}
{"level":"info","message":"Connected to MongoDB","service":"identified-service","timestamp":"2025-03-25T07:53:44.950Z"}
{"level":"info","message":"POST /api/identified/register","service":"identified-service","timestamp":"2025-03-25T07:53:52.272Z"}
{"level":"info","message":"Request Body: {\"username\":\"johndoe6\",\"password\":\"SecurePass123\",\"email\":\"johndoe6@example.com\"}","service":"identified-service","timestamp":"2025-03-25T07:53:52.274Z"}
{"level":"info","message":"User registered successfully","service":"identified-service","timestamp":"2025-03-25T07:53:52.404Z"}
{"level":"info","message":"Server is running on port 3001","service":"identified-service","timestamp":"2025-03-25T10:16:00.877Z"}
{"level":"info","message":"Connected to MongoDB","service":"identified-service","timestamp":"2025-03-25T10:16:00.924Z"}
{"level":"info","message":"POST /api/auth/identified/register","service":"identified-service","timestamp":"2025-03-25T10:16:11.339Z"}
{"level":"info","message":"Request Body: {\"username\":\"johndoe7\",\"password\":\"SecurePass123\",\"email\":\"johndoe7@example.com\"}","service":"identified-service","timestamp":"2025-03-25T10:16:11.342Z"}
{"level":"info","message":"User registered successfully","service":"identified-service","timestamp":"2025-03-25T10:16:11.568Z"}
{"level":"info","message":"Server is running on port 3001 000","service":"identified-service","timestamp":"2025-03-30T03:23:39.259Z"}
{"level":"info","message":"Connected to MongoDB","service":"identified-service","timestamp":"2025-03-30T03:23:39.294Z"}
{"level":"info","message":"POST /api/auth/identified/register","service":"identified-service","timestamp":"2025-03-30T03:24:05.972Z"}
{"level":"info","message":"Request Body: {\"username\":\"johndoe12\",\"password\":\"SecurePass123\",\"email\":\"johndoe12@example.com\"}","service":"identified-service","timestamp":"2025-03-30T03:24:05.975Z"}
{"0":"C","1":"a","10":"d","11":" ","12":"p","13":"r","14":"o","15":"p","16":"e","17":"r","18":"t","19":"i","2":"n","20":"e","21":"s","22":" ","23":"o","24":"f","25":" ","26":"u","27":"n","28":"d","29":"e","3":"n","30":"f","31":"i","32":"n","33":"e","34":"d","35":" ","36":"(","37":"r","38":"e","39":"a","4":"o","40":"d","41":"i","42":"n","43":"g","44":" ","45":"'","46":"d","47":"e","48":"t","49":"a","5":"t","50":"i","51":"l","52":"s","53":"'","54":")","6":" ","7":"r","8":"e","9":"a","level":"error","message":"Error in user registration","service":"identified-service","timestamp":"2025-03-30T03:24:06.032Z"}
{"level":"info","message":"POST /api/auth/identified/register","service":"identified-service","timestamp":"2025-03-30T03:24:38.152Z"}
{"level":"info","message":"Request Body: {\"username\":\"johndoe12\",\"password\":\"SecurePass123\",\"email\":\"johndoe12@example.com\"}","service":"identified-service","timestamp":"2025-03-30T03:24:38.153Z"}
{"0":"C","1":"a","10":"d","11":" ","12":"p","13":"r","14":"o","15":"p","16":"e","17":"r","18":"t","19":"i","2":"n","20":"e","21":"s","22":" ","23":"o","24":"f","25":" ","26":"u","27":"n","28":"d","29":"e","3":"n","30":"f","31":"i","32":"n","33":"e","34":"d","35":" ","36":"(","37":"r","38":"e","39":"a","4":"o","40":"d","41":"i","42":"n","43":"g","44":" ","45":"'","46":"d","47":"e","48":"t","49":"a","5":"t","50":"i","51":"l","52":"s","53":"'","54":")","6":" ","7":"r","8":"e","9":"a","level":"error","message":"Error in user registration","service":"identified-service","timestamp":"2025-03-30T03:25:15.920Z"}
{"level":"info","message":"POST /api/auth/identified/register","service":"identified-service","timestamp":"2025-03-30T03:25:46.288Z"}
{"level":"info","message":"Request Body: {\"username\":\"johndoe12\",\"password\":\"SecurePass123\",\"email\":\"johndoe12@example.com\"}","service":"identified-service","timestamp":"2025-03-30T03:25:46.290Z"}
{"0":"C","1":"a","10":"d","11":" ","12":"p","13":"r","14":"o","15":"p","16":"e","17":"r","18":"t","19":"i","2":"n","20":"e","21":"s","22":" ","23":"o","24":"f","25":" ","26":"u","27":"n","28":"d","29":"e","3":"n","30":"f","31":"i","32":"n","33":"e","34":"d","35":" ","36":"(","37":"r","38":"e","39":"a","4":"o","40":"d","41":"i","42":"n","43":"g","44":" ","45":"'","46":"d","47":"e","48":"t","49":"a","5":"t","50":"i","51":"l","52":"s","53":"'","54":")","6":" ","7":"r","8":"e","9":"a","level":"error","message":"Error in user registration","service":"identified-service","timestamp":"2025-03-30T03:26:18.028Z"}
{"level":"info","message":"Server is running on port 3001 000","service":"identified-service","timestamp":"2025-03-30T03:26:33.955Z"}
{"level":"info","message":"Connected to MongoDB","service":"identified-service","timestamp":"2025-03-30T03:26:33.989Z"}
{"level":"info","message":"POST /api/auth/identified/register","service":"identified-service","timestamp":"2025-03-30T03:26:37.698Z"}
{"level":"info","message":"Request Body: {\"username\":\"johndoe12\",\"password\":\"SecurePass123\",\"email\":\"johndoe12@example.com\"}","service":"identified-service","timestamp":"2025-03-30T03:26:37.700Z"}
{"level":"warn","message":"Email already exists","service":"identified-service","timestamp":"2025-03-30T03:26:43.054Z"}
{"level":"info","message":"POST /api/auth/identified/register","service":"identified-service","timestamp":"2025-03-30T03:26:54.890Z"}
{"level":"info","message":"Request Body: {\"username\":\"johndoe12\",\"password\":\"SecurePass123\",\"email\":\"johndoe14@example.com\"}","service":"identified-service","timestamp":"2025-03-30T03:26:54.892Z"}
{"0":"E","1":"1","10":"l","100":"h","101":"n","102":"d","103":"o","104":"e","105":"1","106":"2","107":"\"","108":" ","109":"}","11":"i","12":"c","13":"a","14":"t","15":"e","16":" ","17":"k","18":"e","19":"y","2":"1","20":" ","21":"e","22":"r","23":"r","24":"o","25":"r","26":" ","27":"c","28":"o","29":"l","3":"0","30":"l","31":"e","32":"c","33":"t","34":"i","35":"o","36":"n","37":":","38":" ","39":"M","4":"0","40":"i","41":"c","42":"r","43":"o","44":"s","45":"e","46":"r","47":"v","48":"i","49":"c","5":"0","50":"e","51":".","52":"u","53":"s","54":"e","55":"r","56":"s","57":" ","58":"i","59":"n","6":" ","60":"d","61":"e","62":"x","63":":","64":" ","65":"u","66":"s","67":"e","68":"r","69":"n","7":"d","70":"a","71":"m","72":"e","73":"_","74":"1","75":" ","76":"d","77":"u","78":"p","79":" ","8":"u","80":"k","81":"e","82":"y","83":":","84":" ","85":"{","86":" ","87":"u","88":"s","89":"e","9":"p","90":"r","91":"n","92":"a","93":"m","94":"e","95":":","96":" ","97":"\"","98":"j","99":"o","level":"error","message":"Error in user registration","service":"identified-service","timestamp":"2025-03-30T03:27:01.212Z"}
{"level":"info","message":"POST /api/auth/identified/register","service":"identified-service","timestamp":"2025-03-30T03:28:34.328Z"}
{"level":"info","message":"Request Body: {\"username\":\"johndoe14\",\"password\":\"SecurePass123\",\"email\":\"johndoe14@example.com\"}","service":"identified-service","timestamp":"2025-03-30T03:28:34.331Z"}
{"level":"info","message":"User registered successfully","service":"identified-service","timestamp":"2025-03-30T03:28:55.418Z"}
{"level":"info","message":"Server is running on port 3003 000","service":"identified-service","timestamp":"2025-04-08T11:29:08.097Z"}
{"level":"info","message":"Connected to MongoDB","service":"identified-service","timestamp":"2025-04-08T11:29:08.197Z"}
{"level":"info","message":"POST /upload","service":"identified-service","timestamp":"2025-04-08T11:29:24.007Z"}
{"level":"info","message":"Request Body: {}","service":"identified-service","timestamp":"2025-04-08T11:29:24.009Z"}
{"api_key":"945373698964274","asset_id":"442777d704ae0f5d45affc59ba50df2b","bytes":512017,"created_at":"2025-04-08T11:30:07Z","etag":"7c858c1e9e6c971cc360141e92fc918e","folder":"","format":"jpg","height":1792,"level":"info","message":"File uploaded to Cloudinary","original_filename":"file","placeholder":false,"public_id":"shslvfqxiym3yyvf8e8j","resource_type":"image","secure_url":"https://res.cloudinary.com/drrfx5vki/image/upload/v1744111807/shslvfqxiym3yyvf8e8j.jpg","service":"identified-service","signature":"ced906fe57b4029e248a9a87edd6a8a9be0dae04","tags":[],"timestamp":"2025-04-08T11:30:07.859Z","type":"upload","url":"http://res.cloudinary.com/drrfx5vki/image/upload/v1744111807/shslvfqxiym3yyvf8e8j.jpg","version":1744111807,"version_id":"fa0127782daa1af0dc176352f9c180d3","width":1792}
{"_message":"Media validation failed","errors":{"user_id":{"kind":"required","message":"Path `user_id` is required.","name":"ValidatorError","path":"user_id","properties":{"message":"Path `user_id` is required.","path":"user_id","type":"required"}}},"level":"error","message":"Error uploading file Media validation failed: user_id: Path `user_id` is required.","service":"identified-service","stack":"ValidationError: Media validation failed: user_id: Path `user_id` is required.\n    at Document.invalidate (C:\\Users\\NPC\\Desktop\\project\\Microservice\\madia-service\\node_modules\\mongoose\\lib\\document.js:3329:32)\n    at C:\\Users\\NPC\\Desktop\\project\\Microservice\\madia-service\\node_modules\\mongoose\\lib\\document.js:3090:17\n    at C:\\Users\\NPC\\Desktop\\project\\Microservice\\madia-service\\node_modules\\mongoose\\lib\\schemaType.js:1407:9\n    at process.processTicksAndRejections (node:internal/process/task_queues:77:11)","timestamp":"2025-04-08T11:30:07.873Z"}
{"level":"info","message":"POST /upload","service":"identified-service","timestamp":"2025-04-08T11:31:39.075Z"}
{"level":"info","message":"Request Body: {}","service":"identified-service","timestamp":"2025-04-08T11:31:39.077Z"}
{"api_key":"945373698964274","asset_id":"1aa76396161ed8484da69bcd0cb9e1cd","bytes":512017,"created_at":"2025-04-08T11:31:49Z","etag":"7c858c1e9e6c971cc360141e92fc918e","folder":"","format":"jpg","height":1792,"level":"info","message":"File uploaded to Cloudinary","original_filename":"file","placeholder":false,"public_id":"bxzglddomnzmur298dib","resource_type":"image","secure_url":"https://res.cloudinary.com/drrfx5vki/image/upload/v1744111909/bxzglddomnzmur298dib.jpg","service":"identified-service","signature":"7cf616da6a3625e4cc0c74c939a78fbb4a869689","tags":[],"timestamp":"2025-04-08T11:31:50.219Z","type":"upload","url":"http://res.cloudinary.com/drrfx5vki/image/upload/v1744111909/bxzglddomnzmur298dib.jpg","version":1744111909,"version_id":"43ddc1083286dfef6bceb5d602990bbc","width":1792}
{"_message":"Media validation failed","errors":{"user_id":{"kind":"required","message":"Path `user_id` is required.","name":"ValidatorError","path":"user_id","properties":{"message":"Path `user_id` is required.","path":"user_id","type":"required"}}},"level":"error","message":"Error uploading file Media validation failed: user_id: Path `user_id` is required.","service":"identified-service","stack":"ValidationError: Media validation failed: user_id: Path `user_id` is required.\n    at Document.invalidate (C:\\Users\\NPC\\Desktop\\project\\Microservice\\madia-service\\node_modules\\mongoose\\lib\\document.js:3329:32)\n    at C:\\Users\\NPC\\Desktop\\project\\Microservice\\madia-service\\node_modules\\mongoose\\lib\\document.js:3090:17\n    at C:\\Users\\NPC\\Desktop\\project\\Microservice\\madia-service\\node_modules\\mongoose\\lib\\schemaType.js:1407:9\n    at process.processTicksAndRejections (node:internal/process/task_queues:77:11)","timestamp":"2025-04-08T11:32:20.476Z"}
{"level":"info","message":"POST /upload","service":"identified-service","timestamp":"2025-04-08T12:18:41.485Z"}
{"level":"info","message":"Request Body: {}","service":"identified-service","timestamp":"2025-04-08T12:18:41.491Z"}
{"api_key":"945373698964274","asset_id":"12a6372643592af28247196e24c45cde","bytes":512017,"created_at":"2025-04-08T12:19:01Z","etag":"7c858c1e9e6c971cc360141e92fc918e","folder":"","format":"jpg","height":1792,"level":"info","message":"File uploaded to Cloudinary","original_filename":"file","placeholder":false,"public_id":"rxfm0n76cz0nzqkes36p","resource_type":"image","secure_url":"https://res.cloudinary.com/drrfx5vki/image/upload/v1744114741/rxfm0n76cz0nzqkes36p.jpg","service":"identified-service","signature":"f3580f4ff5aac1038917c6bb2273d34c15483f41","tags":[],"timestamp":"2025-04-08T12:19:01.662Z","type":"upload","url":"http://res.cloudinary.com/drrfx5vki/image/upload/v1744114741/rxfm0n76cz0nzqkes36p.jpg","version":1744114741,"version_id":"1a6babe3e0de4236ea481c5780096695","width":1792}
{"_message":"Media validation failed","errors":{"user_id":{"kind":"required","message":"Path `user_id` is required.","name":"ValidatorError","path":"user_id","properties":{"message":"Path `user_id` is required.","path":"user_id","type":"required"}}},"level":"error","message":"Error uploading file Media validation failed: user_id: Path `user_id` is required.","service":"identified-service","stack":"ValidationError: Media validation failed: user_id: Path `user_id` is required.\n    at Document.invalidate (C:\\Users\\NPC\\Desktop\\project\\Microservice\\madia-service\\node_modules\\mongoose\\lib\\document.js:3329:32)\n    at C:\\Users\\NPC\\Desktop\\project\\Microservice\\madia-service\\node_modules\\mongoose\\lib\\document.js:3090:17\n    at C:\\Users\\NPC\\Desktop\\project\\Microservice\\madia-service\\node_modules\\mongoose\\lib\\schemaType.js:1407:9\n    at process.processTicksAndRejections (node:internal/process/task_queues:77:11)","timestamp":"2025-04-08T12:19:05.711Z"}
{"level":"info","message":"Server is running on port 3003 000","service":"identified-service","timestamp":"2025-04-08T12:19:49.958Z"}
{"level":"info","message":"Connected to MongoDB","service":"identified-service","timestamp":"2025-04-08T12:19:50.008Z"}
{"level":"info","message":"POST /upload","service":"identified-service","timestamp":"2025-04-08T12:19:52.798Z"}
{"level":"info","message":"Request Body: {}","service":"identified-service","timestamp":"2025-04-08T12:19:52.800Z"}
{"api_key":"945373698964274","asset_id":"fd45c34d95c56634d48becf80029b60e","bytes":512017,"created_at":"2025-04-08T12:20:14Z","etag":"7c858c1e9e6c971cc360141e92fc918e","folder":"","format":"jpg","height":1792,"level":"info","message":"File uploaded to Cloudinary","original_filename":"file","placeholder":false,"public_id":"dulslh1lbz9ess55twsc","resource_type":"image","secure_url":"https://res.cloudinary.com/drrfx5vki/image/upload/v1744114814/dulslh1lbz9ess55twsc.jpg","service":"identified-service","signature":"2d7f27706d2d7d64ea205d349e84779dcbe6d391","tags":[],"timestamp":"2025-04-08T12:20:15.434Z","type":"upload","url":"http://res.cloudinary.com/drrfx5vki/image/upload/v1744114814/dulslh1lbz9ess55twsc.jpg","version":1744114814,"version_id":"8fb828a926b35adf110813bb00a561e7","width":1792}
{"_message":"Media validation failed","errors":{"user_id":{"kind":"required","message":"Path `user_id` is required.","name":"ValidatorError","path":"user_id","properties":{"message":"Path `user_id` is required.","path":"user_id","type":"required"}}},"level":"error","message":"Error uploading file Media validation failed: user_id: Path `user_id` is required.","service":"identified-service","stack":"ValidationError: Media validation failed: user_id: Path `user_id` is required.\n    at Document.invalidate (C:\\Users\\NPC\\Desktop\\project\\Microservice\\madia-service\\node_modules\\mongoose\\lib\\document.js:3329:32)\n    at C:\\Users\\NPC\\Desktop\\project\\Microservice\\madia-service\\node_modules\\mongoose\\lib\\document.js:3090:17\n    at C:\\Users\\NPC\\Desktop\\project\\Microservice\\madia-service\\node_modules\\mongoose\\lib\\schemaType.js:1407:9\n    at process.processTicksAndRejections (node:internal/process/task_queues:77:11)","timestamp":"2025-04-08T12:20:17.738Z"}
{"level":"info","message":"Server is running on port 3003 000","service":"identified-service","timestamp":"2025-04-08T12:20:26.528Z"}
{"level":"info","message":"Connected to MongoDB","service":"identified-service","timestamp":"2025-04-08T12:20:26.565Z"}
{"level":"info","message":"POST /upload","service":"identified-service","timestamp":"2025-04-08T12:20:54.255Z"}
{"level":"info","message":"Request Body: {}","service":"identified-service","timestamp":"2025-04-08T12:20:54.257Z"}
{"api_key":"945373698964274","asset_id":"1bf7fac563c33cf600a7345dac4adb76","bytes":512017,"created_at":"2025-04-08T12:21:07Z","etag":"7c858c1e9e6c971cc360141e92fc918e","folder":"","format":"jpg","height":1792,"level":"info","message":"File uploaded to Cloudinary","original_filename":"file","placeholder":false,"public_id":"t0dxgkyvkxvnxv6qgh6j","resource_type":"image","secure_url":"https://res.cloudinary.com/drrfx5vki/image/upload/v1744114867/t0dxgkyvkxvnxv6qgh6j.jpg","service":"identified-service","signature":"2d7ce2aff8f9a30a1f7ff3bef3cd6ac8fabda974","tags":[],"timestamp":"2025-04-08T12:21:09.194Z","type":"upload","url":"http://res.cloudinary.com/drrfx5vki/image/upload/v1744114867/t0dxgkyvkxvnxv6qgh6j.jpg","version":1744114867,"version_id":"8b604c78079fb96283a4c3265721055c","width":1792}
{"level":"info","message":"Connected to MongoDB","service":"identified-service","timestamp":"2025-04-17T01:16:54.093Z"}
{"level":"info","message":"Server is running on port 3003 000","service":"identified-service","timestamp":"2025-04-17T01:16:54.172Z"}
{"level":"info","message":"Connected to MongoDB","service":"identified-service","timestamp":"2025-04-17T01:20:59.900Z"}
{"level":"info","message":"Server is running on port 3003 000","service":"identified-service","timestamp":"2025-04-17T01:20:59.948Z"}
{"level":"info","message":"Connected to MongoDB","service":"identified-service","timestamp":"2025-04-17T01:24:41.928Z"}
{"level":"info","message":"Server is running on port 3003 000","service":"identified-service","timestamp":"2025-04-17T01:24:41.970Z"}
{"level":"info","message":"Connected to MongoDB","service":"identified-service","timestamp":"2025-04-17T01:25:11.318Z"}
{"level":"info","message":"✅ Server is running on port 3003","service":"identified-service","timestamp":"2025-04-17T01:25:11.363Z"}
{"level":"info","message":"POST /upload","service":"identified-service","timestamp":"2025-04-17T01:27:09.038Z"}
{"level":"info","message":"Request Body: {}","service":"identified-service","timestamp":"2025-04-17T01:27:09.040Z"}
{"level":"error","message":"No file uploaded","service":"identified-service","timestamp":"2025-04-17T01:27:14.688Z"}
{"level":"info","message":"POST /upload","service":"identified-service","timestamp":"2025-04-17T01:27:38.707Z"}
{"level":"info","message":"Request Body: {}","service":"identified-service","timestamp":"2025-04-17T01:27:38.710Z"}
{"api_key":"945373698964274","asset_id":"b71069b16a52a7d94124b7404d4e4057","bytes":3864122,"created_at":"2025-04-17T01:28:42Z","etag":"0dbed81cd9b0226c72868b852b578f7b","folder":"","format":"jpg","height":7158,"level":"info","message":"File uploaded to Cloudinary","original_filename":"file","placeholder":false,"public_id":"feyyru7y6gb2ve7aaxtv","resource_type":"image","secure_url":"https://res.cloudinary.com/drrfx5vki/image/upload/v1744853322/feyyru7y6gb2ve7aaxtv.jpg","service":"identified-service","signature":"8ce9182ab744697ff167dc73375d1be927b790d6","tags":[],"timestamp":"2025-04-17T01:28:42.969Z","type":"upload","url":"http://res.cloudinary.com/drrfx5vki/image/upload/v1744853322/feyyru7y6gb2ve7aaxtv.jpg","version":1744853322,"version_id":"bb4bcb09ce5a857969a4c437a42dbe79","width":4772}
{"level":"info","message":"Connected to MongoDB","service":"identified-service","timestamp":"2025-04-17T01:31:14.434Z"}
{"level":"info","message":"✅ Server is running on port 3003","service":"identified-service","timestamp":"2025-04-17T01:31:14.487Z"}
{"level":"info","message":"POST /upload","service":"identified-service","timestamp":"2025-04-17T01:32:30.223Z"}
{"level":"info","message":"Request Body: {}","service":"identified-service","timestamp":"2025-04-17T01:32:30.225Z"}
{"api_key":"945373698964274","asset_id":"dfdc4d5fbd88feec9935ce8cd5842238","bytes":39921,"created_at":"2025-04-17T01:32:40Z","etag":"e2b5fa21a5f95d5cfafa19a37e72901d","folder":"","format":"jpg","height":360,"level":"info","message":"File uploaded to Cloudinary","original_filename":"file","placeholder":false,"public_id":"wi6k8wsy9supowrwnfup","resource_type":"image","secure_url":"https://res.cloudinary.com/drrfx5vki/image/upload/v1744853560/wi6k8wsy9supowrwnfup.jpg","service":"identified-service","signature":"e3d967222930c5ca6ebe636c5280b26a2445c80d","tags":[],"timestamp":"2025-04-17T01:32:40.922Z","type":"upload","url":"http://res.cloudinary.com/drrfx5vki/image/upload/v1744853560/wi6k8wsy9supowrwnfup.jpg","version":1744853560,"version_id":"a96620a84556d101ca9eb554427eacd9","width":360}
