{"level":"info","message":"Server is running on port 3000","service":"identified-service","timestamp":"2025-03-23T09:58:13.107Z"}
{"level":"error","message":"Error connecting to MongoDB: The `uri` parameter to `openUri()` must be a string, got \"undefined\". Make sure the first parameter to `mongoose.connect()` or `mongoose.createConnection()` is a string.","service":"identified-service","stack":"MongooseError: The `uri` parameter to `openUri()` must be a string, got \"undefined\". Make sure the first parameter to `mongoose.connect()` or `mongoose.createConnection()` is a string.\n    at NativeConnection.createClient (C:\\Users\\NPC\\Desktop\\project\\Microservice\\identified-service\\node_modules\\mongoose\\lib\\drivers\\node-mongodb-native\\connection.js:236:11)\n    at NativeConnection.openUri (C:\\Users\\NPC\\Desktop\\project\\Microservice\\identified-service\\node_modules\\mongoose\\lib\\connection.js:1071:34)\n    at Mongoose.connect (C:\\Users\\NPC\\Desktop\\project\\Microservice\\identified-service\\node_modules\\mongoose\\lib\\mongoose.js:446:15)\n    at Object.<anonymous> (C:\\Users\\NPC\\Desktop\\project\\Microservice\\identified-service\\src\\app.js:10:10)\n    at Module._compile (node:internal/modules/cjs/loader:1364:14)\n    at Module._extensions..js (node:internal/modules/cjs/loader:1422:10)\n    at Module.load (node:internal/modules/cjs/loader:1203:32)\n    at Module._load (node:internal/modules/cjs/loader:1019:12)\n    at Function.executeUserEntryPoint [as runMain] (node:internal/modules/run_main:128:12)\n    at node:internal/main/run_main_module:28:49","timestamp":"2025-03-23T09:58:13.112Z"}
{"level":"info","message":"Server is running on port 3000","service":"identified-service","timestamp":"2025-03-23T10:00:47.905Z"}
{"level":"info","message":"Connected to MongoDB","service":"identified-service","timestamp":"2025-03-23T10:00:47.939Z"}
{"level":"info","message":"Server is running on port 3000","service":"identified-service","timestamp":"2025-03-25T07:28:51.206Z"}
{"level":"info","message":"Connected to MongoDB","service":"identified-service","timestamp":"2025-03-25T07:28:51.246Z"}
{"level":"info","message":"POST /api/identified/register","service":"identified-service","timestamp":"2025-03-25T07:33:55.721Z"}
{"level":"info","message":"Request Body: {\"username\":\"john_doe\",\"password\":\"SecurePass123\",\"email\":\"john.doe@example.com\",\"role\":\"user\"}","service":"identified-service","timestamp":"2025-03-25T07:33:55.722Z"}
{"0":"r","1":"e","10":"l","11":"i","12":"d","13":"a","14":"t","15":"e","16":" ","17":"i","18":"s","19":" ","2":"g","20":"n","21":"o","22":"t","23":" ","24":"a","25":" ","26":"f","27":"u","28":"n","29":"c","3":"i","30":"t","31":"i","32":"o","33":"n","4":"s","5":"t","6":"e","7":"r","8":"V","9":"a","level":"error","message":"Error in user registration","service":"identified-service","timestamp":"2025-03-25T07:33:55.724Z"}
{"level":"info","message":"POST /api/identified/register","service":"identified-service","timestamp":"2025-03-25T07:34:18.686Z"}
{"level":"info","message":"Request Body: {\"username\":\"john_doe\",\"password\":\"SecurePass123\",\"email\":\"john.doe@example.com\",\"role\":\"user\"}","service":"identified-service","timestamp":"2025-03-25T07:34:18.687Z"}
{"0":"r","1":"e","10":"l","11":"i","12":"d","13":"a","14":"t","15":"e","16":" ","17":"i","18":"s","19":" ","2":"g","20":"n","21":"o","22":"t","23":" ","24":"a","25":" ","26":"f","27":"u","28":"n","29":"c","3":"i","30":"t","31":"i","32":"o","33":"n","4":"s","5":"t","6":"e","7":"r","8":"V","9":"a","level":"error","message":"Error in user registration","service":"identified-service","timestamp":"2025-03-25T07:34:18.688Z"}
{"level":"info","message":"Server is running on port 3000","service":"identified-service","timestamp":"2025-03-25T07:34:52.263Z"}
{"level":"info","message":"Connected to MongoDB","service":"identified-service","timestamp":"2025-03-25T07:34:52.299Z"}
{"level":"info","message":"Server is running on port 3001","service":"identified-service","timestamp":"2025-03-25T10:19:58.259Z"}
{"level":"info","message":"Connected to MongoDB","service":"identified-service","timestamp":"2025-03-25T10:19:58.299Z"}
{"level":"info","message":"POST /api/auth/identified/register","service":"identified-service","timestamp":"2025-03-25T10:20:15.642Z"}
{"level":"info","message":"Request Body: {\"username\":\"johndoe7\",\"password\":\"SecurePass123\",\"email\":\"johndoe7@example.com\"}","service":"identified-service","timestamp":"2025-03-25T10:20:15.645Z"}
{"0":"C","1":"a","10":"d","11":" ","12":"p","13":"r","14":"o","15":"p","16":"e","17":"r","18":"t","19":"i","2":"n","20":"e","21":"s","22":" ","23":"o","24":"f","25":" ","26":"u","27":"n","28":"d","29":"e","3":"n","30":"f","31":"i","32":"n","33":"e","34":"d","35":" ","36":"(","37":"r","38":"e","39":"a","4":"o","40":"d","41":"i","42":"n","43":"g","44":" ","45":"'","46":"d","47":"e","48":"t","49":"a","5":"t","50":"i","51":"l","52":"s","53":"'","54":")","6":" ","7":"r","8":"e","9":"a","level":"error","message":"Error in user registration","service":"identified-service","timestamp":"2025-03-25T10:20:15.678Z"}
{"level":"info","message":"POST /api/auth/identified/register","service":"identified-service","timestamp":"2025-03-25T10:20:19.535Z"}
{"level":"info","message":"Request Body: {\"username\":\"johndoe7\",\"password\":\"SecurePass123\",\"email\":\"johndoe7@example.com\"}","service":"identified-service","timestamp":"2025-03-25T10:20:19.536Z"}
{"0":"C","1":"a","10":"d","11":" ","12":"p","13":"r","14":"o","15":"p","16":"e","17":"r","18":"t","19":"i","2":"n","20":"e","21":"s","22":" ","23":"o","24":"f","25":" ","26":"u","27":"n","28":"d","29":"e","3":"n","30":"f","31":"i","32":"n","33":"e","34":"d","35":" ","36":"(","37":"r","38":"e","39":"a","4":"o","40":"d","41":"i","42":"n","43":"g","44":" ","45":"'","46":"d","47":"e","48":"t","49":"a","5":"t","50":"i","51":"l","52":"s","53":"'","54":")","6":" ","7":"r","8":"e","9":"a","level":"error","message":"Error in user registration","service":"identified-service","timestamp":"2025-03-25T10:20:19.541Z"}
{"level":"info","message":"POST /api/auth/identified/register","service":"identified-service","timestamp":"2025-03-25T10:20:33.952Z"}
{"level":"info","message":"Request Body: {\"username\":\"johndoe9\",\"password\":\"SecurePass123\",\"email\":\"johndoe9@example.com\"}","service":"identified-service","timestamp":"2025-03-25T10:20:33.954Z"}
{"level":"info","message":"User registered successfully","service":"identified-service","timestamp":"2025-03-25T10:20:34.106Z"}
{"level":"info","message":"Server is running on port 3001 000","service":"identified-service","timestamp":"2025-03-25T10:23:08.313Z"}
{"level":"info","message":"Connected to MongoDB","service":"identified-service","timestamp":"2025-03-25T10:23:08.359Z"}
{"level":"info","message":"POST /api/auth/identified/register","service":"identified-service","timestamp":"2025-03-25T10:23:27.963Z"}
{"level":"info","message":"Request Body: {\"username\":\"johndoe9\",\"password\":\"SecurePass123\",\"email\":\"johndoe9@example.com\"}","service":"identified-service","timestamp":"2025-03-25T10:23:27.964Z"}
{"0":"C","1":"a","10":"d","11":" ","12":"p","13":"r","14":"o","15":"p","16":"e","17":"r","18":"t","19":"i","2":"n","20":"e","21":"s","22":" ","23":"o","24":"f","25":" ","26":"u","27":"n","28":"d","29":"e","3":"n","30":"f","31":"i","32":"n","33":"e","34":"d","35":" ","36":"(","37":"r","38":"e","39":"a","4":"o","40":"d","41":"i","42":"n","43":"g","44":" ","45":"'","46":"d","47":"e","48":"t","49":"a","5":"t","50":"i","51":"l","52":"s","53":"'","54":")","6":" ","7":"r","8":"e","9":"a","level":"error","message":"Error in user registration","service":"identified-service","timestamp":"2025-03-25T10:23:27.989Z"}
{"level":"info","message":"POST /api/auth/identified/register","service":"identified-service","timestamp":"2025-03-25T10:23:30.033Z"}
{"level":"info","message":"Request Body: {\"username\":\"johndoe9\",\"password\":\"SecurePass123\",\"email\":\"johndoe9@example.com\"}","service":"identified-service","timestamp":"2025-03-25T10:23:30.034Z"}
{"0":"C","1":"a","10":"d","11":" ","12":"p","13":"r","14":"o","15":"p","16":"e","17":"r","18":"t","19":"i","2":"n","20":"e","21":"s","22":" ","23":"o","24":"f","25":" ","26":"u","27":"n","28":"d","29":"e","3":"n","30":"f","31":"i","32":"n","33":"e","34":"d","35":" ","36":"(","37":"r","38":"e","39":"a","4":"o","40":"d","41":"i","42":"n","43":"g","44":" ","45":"'","46":"d","47":"e","48":"t","49":"a","5":"t","50":"i","51":"l","52":"s","53":"'","54":")","6":" ","7":"r","8":"e","9":"a","level":"error","message":"Error in user registration","service":"identified-service","timestamp":"2025-03-25T10:23:30.040Z"}
{"level":"info","message":"POST /api/auth/identified/register","service":"identified-service","timestamp":"2025-03-25T10:23:31.245Z"}
{"level":"info","message":"Request Body: {\"username\":\"johndoe9\",\"password\":\"SecurePass123\",\"email\":\"johndoe9@example.com\"}","service":"identified-service","timestamp":"2025-03-25T10:23:31.246Z"}
{"0":"C","1":"a","10":"d","11":" ","12":"p","13":"r","14":"o","15":"p","16":"e","17":"r","18":"t","19":"i","2":"n","20":"e","21":"s","22":" ","23":"o","24":"f","25":" ","26":"u","27":"n","28":"d","29":"e","3":"n","30":"f","31":"i","32":"n","33":"e","34":"d","35":" ","36":"(","37":"r","38":"e","39":"a","4":"o","40":"d","41":"i","42":"n","43":"g","44":" ","45":"'","46":"d","47":"e","48":"t","49":"a","5":"t","50":"i","51":"l","52":"s","53":"'","54":")","6":" ","7":"r","8":"e","9":"a","level":"error","message":"Error in user registration","service":"identified-service","timestamp":"2025-03-25T10:23:31.254Z"}
{"level":"info","message":"POST /api/auth/identified/register","service":"identified-service","timestamp":"2025-03-25T10:23:32.276Z"}
{"level":"info","message":"Request Body: {\"username\":\"johndoe9\",\"password\":\"SecurePass123\",\"email\":\"johndoe9@example.com\"}","service":"identified-service","timestamp":"2025-03-25T10:23:32.278Z"}
{"0":"C","1":"a","10":"d","11":" ","12":"p","13":"r","14":"o","15":"p","16":"e","17":"r","18":"t","19":"i","2":"n","20":"e","21":"s","22":" ","23":"o","24":"f","25":" ","26":"u","27":"n","28":"d","29":"e","3":"n","30":"f","31":"i","32":"n","33":"e","34":"d","35":" ","36":"(","37":"r","38":"e","39":"a","4":"o","40":"d","41":"i","42":"n","43":"g","44":" ","45":"'","46":"d","47":"e","48":"t","49":"a","5":"t","50":"i","51":"l","52":"s","53":"'","54":")","6":" ","7":"r","8":"e","9":"a","level":"error","message":"Error in user registration","service":"identified-service","timestamp":"2025-03-25T10:23:32.285Z"}
{"level":"info","message":"POST /api/auth/identified/register","service":"identified-service","timestamp":"2025-03-25T10:23:43.322Z"}
{"level":"info","message":"Request Body: {\"username\":\"johndoe11\",\"password\":\"SecurePass123\",\"email\":\"johndoe11@example.com\"}","service":"identified-service","timestamp":"2025-03-25T10:23:43.324Z"}
{"level":"info","message":"User registered successfully","service":"identified-service","timestamp":"2025-03-25T10:23:43.480Z"}
{"level":"info","message":"Server is running on port 3001 000","service":"identified-service","timestamp":"2025-03-25T13:17:02.239Z"}
{"level":"info","message":"Connected to MongoDB","service":"identified-service","timestamp":"2025-03-25T13:17:02.280Z"}
{"level":"info","message":"POST /api/auth/identified/register","service":"identified-service","timestamp":"2025-03-25T13:17:16.802Z"}
{"level":"info","message":"Request Body: {\"username\":\"johndoe11\",\"password\":\"SecurePass123\",\"email\":\"johndoe11@example.com\"}","service":"identified-service","timestamp":"2025-03-25T13:17:16.804Z"}
{"0":"C","1":"a","10":"d","11":" ","12":"p","13":"r","14":"o","15":"p","16":"e","17":"r","18":"t","19":"i","2":"n","20":"e","21":"s","22":" ","23":"o","24":"f","25":" ","26":"u","27":"n","28":"d","29":"e","3":"n","30":"f","31":"i","32":"n","33":"e","34":"d","35":" ","36":"(","37":"r","38":"e","39":"a","4":"o","40":"d","41":"i","42":"n","43":"g","44":" ","45":"'","46":"d","47":"e","48":"t","49":"a","5":"t","50":"i","51":"l","52":"s","53":"'","54":")","6":" ","7":"r","8":"e","9":"a","level":"error","message":"Error in user registration","service":"identified-service","timestamp":"2025-03-25T13:17:16.829Z"}
{"level":"info","message":"POST /api/auth/identified/register","service":"identified-service","timestamp":"2025-03-25T13:17:28.092Z"}
{"level":"info","message":"Request Body: {\"username\":\"johndoe12\",\"password\":\"SecurePass123\",\"email\":\"johndoe12@example.com\"}","service":"identified-service","timestamp":"2025-03-25T13:17:28.092Z"}
{"level":"info","message":"User registered successfully","service":"identified-service","timestamp":"2025-03-25T13:17:28.222Z"}
{"level":"info","message":"Server is running on port 3001 000","service":"identified-service","timestamp":"2025-03-30T03:20:40.669Z"}
{"level":"info","message":"Connected to MongoDB","service":"identified-service","timestamp":"2025-03-30T03:20:40.705Z"}
{"level":"info","message":"POST /api/auth/identified/register","service":"identified-service","timestamp":"2025-03-30T03:21:05.015Z"}
{"level":"info","message":"Request Body: {\"username\":\"johndoe12\",\"password\":\"SecurePass123\",\"email\":\"johndoe12@example.com\"}","service":"identified-service","timestamp":"2025-03-30T03:21:05.017Z"}
{"0":"C","1":"a","10":"d","11":" ","12":"p","13":"r","14":"o","15":"p","16":"e","17":"r","18":"t","19":"i","2":"n","20":"e","21":"s","22":" ","23":"o","24":"f","25":" ","26":"u","27":"n","28":"d","29":"e","3":"n","30":"f","31":"i","32":"n","33":"e","34":"d","35":" ","36":"(","37":"r","38":"e","39":"a","4":"o","40":"d","41":"i","42":"n","43":"g","44":" ","45":"'","46":"d","47":"e","48":"t","49":"a","5":"t","50":"i","51":"l","52":"s","53":"'","54":")","6":" ","7":"r","8":"e","9":"a","level":"error","message":"Error in user registration","service":"identified-service","timestamp":"2025-03-30T03:21:05.112Z"}
{"level":"info","message":"POST /api/auth/identified/register","service":"identified-service","timestamp":"2025-03-30T03:21:45.926Z"}
{"level":"info","message":"Request Body: {\"username\":\"johndoe12\",\"password\":\"SecurePass123\",\"email\":\"johndoe12@example.com\"}","service":"identified-service","timestamp":"2025-03-30T03:21:45.928Z"}
{"0":"C","1":"a","10":"d","11":" ","12":"p","13":"r","14":"o","15":"p","16":"e","17":"r","18":"t","19":"i","2":"n","20":"e","21":"s","22":" ","23":"o","24":"f","25":" ","26":"u","27":"n","28":"d","29":"e","3":"n","30":"f","31":"i","32":"n","33":"e","34":"d","35":" ","36":"(","37":"r","38":"e","39":"a","4":"o","40":"d","41":"i","42":"n","43":"g","44":" ","45":"'","46":"d","47":"e","48":"t","49":"a","5":"t","50":"i","51":"l","52":"s","53":"'","54":")","6":" ","7":"r","8":"e","9":"a","level":"error","message":"Error in user registration","service":"identified-service","timestamp":"2025-03-30T03:21:45.942Z"}
